#
# A fatal error has been detected by the Java Runtime Environment:
#
#  EXCEPTION_ACCESS_VIOLATION (0xc0000005) at pc=0x617493cd, pid=8300, tid=0x000019b4
#
# JRE version: Java(TM) SE Runtime Environment (8.0_92-b14) (build 1.8.0_92-b14)
# Java VM: Java HotSpot(TM) Client VM (25.92-b14 mixed mode windows-x86 )
# Problematic frame:
# C  [listSerialsj.dll+0x93cd]
#
# Failed to write core dump. Minidumps are not enabled by default on client versions of Windows
#
# If you would like to submit a bug report, please visit:
#   http://bugreport.java.com/bugreport/crash.jsp
# The crash happened outside the Java Virtual Machine in native code.
# See problematic frame for where to report the bug.
#

---------------  T H R E A D  ---------------

Current thread (0x26111c00):  JavaThread "cc.arduino.packages.discoverers.serial.SerialBoardsLister" [_thread_in_native, id=6580, stack(0x264d0000,0x26520000)]

siginfo: ExceptionCode=0xc0000005, writing address 0x00000000

Registers:
EAX=0x00000000, EBX=0x0000060c, ECX=0x00000000, EDX=0x00000001
ESP=0x2651eca0, EBP=0x2651f0f8, ESI=0x00000002, EDI=0x0040d1d0
EIP=0x617493cd, EFLAGS=0x00010246

Top of Stack: (sp=0x2651eca0)
0x2651eca0:   0060b950 0000002e 00000002 00000000
0x2651ecb0:   00000003 00000000 00000000 00000000
0x2651ecc0:   2651ece0 0040d1d0 0000006c 753e27bd
0x2651ecd0:   25b877b0 0075a442 0040d0e8 00000b74
0x2651ece0:   7676a490 00000007 00000000 00000000
0x2651ecf0:   00000001 0000006c 000033c8 0000008e
0x2651ed00:   008eecec 00000000 314d4f43 00770031
0x2651ed10:   00425355 ff006d65 7676a462 617419bf 

Instructions: (pc=0x617493cd)
0x617493ad:   8b 45 08 8b 90 94 00 00 00 85 d2 74 16 8b 40 2c
0x617493bd:   c7 44 24 04 2e 00 00 00 89 04 24 e8 73 14 00 00
0x617493cd:   c6 00 00 8d 85 04 fc ff ff 89 44 24 18 8d 85 0a
0x617493dd:   fc ff ff 89 44 24 10 a1 e4 01 75 61 c7 85 04 fc 


Register to memory mapping:

EAX=0x00000000 is an unknown value
EBX=0x0000060c is an unknown value
ECX=0x00000000 is an unknown value
EDX=0x00000001 is an unknown value
ESP=0x2651eca0 is pointing into the stack for thread: 0x26111c00
EBP=0x2651f0f8 is pointing into the stack for thread: 0x26111c00
ESI=0x00000002 is an unknown value
EDI=0x0040d1d0 is an unknown value


Stack: [0x264d0000,0x26520000],  sp=0x2651eca0,  free space=315k
Native frames: (J=compiled Java code, j=interpreted, Vv=VM code, C=native code)
C  [listSerialsj.dll+0x93cd]
C  [listSerialsj.dll+0x2211]

Java frames: (J=compiled Java code, j=interpreted, Vv=VM code)
j  processing.app.Platform.listSerialsNative()[Ljava/lang/String;+0
j  processing.app.Platform.listSerials()Ljava/util/List;+5
j  cc.arduino.packages.discoverers.serial.SerialBoardsLister.retriggerDiscovery(Z)V+22
j  cc.arduino.packages.discoverers.serial.SerialBoardsLister.run()V+9
j  java.util.TimerThread.mainLoop()V+221
j  java.util.TimerThread.run()V+1
v  ~StubRoutines::call_stub

---------------  P R O C E S S  ---------------

Java Threads: ( => current thread )
  0x262bd800 JavaThread "DestroyJavaVM" [_thread_blocked, id=7748, stack(0x025b0000,0x02600000)]
  0x262bb800 JavaThread "AWT-EventQueue-0" [_thread_blocked, id=9576, stack(0x28a80000,0x28ad0000)]
  0x262bb000 JavaThread "AWT-Shutdown" [_thread_blocked, id=9604, stack(0x289c0000,0x28a10000)]
  0x262bac00 JavaThread "TimerQueue" daemon [_thread_blocked, id=5284, stack(0x28220000,0x28270000)]
  0x262ba400 JavaThread "Batik CleanerThread" daemon [_thread_blocked, id=7704, stack(0x28270000,0x282c0000)]
  0x262b9800 JavaThread "JmDNS(EASAWIFI-FRC01-msd-k12-or-us.local.).Timer" daemon [_thread_blocked, id=6648, stack(0x27c70000,0x27cc0000)]
  0x262b9000 JavaThread "JmDNS(EASAWIFI-FRC01-msd-k12-or-us.local.).State.Timer" [_thread_blocked, id=5360, stack(0x27dd0000,0x27e20000)]
  0x262b8c00 JavaThread "JmDNS(EASAWIFI-FRC01-msd-k12-or-us.local.).Timer" daemon [_thread_blocked, id=10236, stack(0x26760000,0x267b0000)]
  0x262b8400 JavaThread "SocketListener(EASAWIFI-FRC01-msd-k12-or-us.local.)" daemon [_thread_in_native, id=6104, stack(0x270b0000,0x27100000)]
  0x262b8000 JavaThread "JmDNS(EASAWIFI-FRC01-msd-k12-or-us.local.).Timer" daemon [_thread_blocked, id=6204, stack(0x271e0000,0x27230000)]
  0x262a6800 JavaThread "JmDNS(EASAWIFI-FRC01-msd-k12-or-us.local.).State.Timer" [_thread_blocked, id=5432, stack(0x27100000,0x27150000)]
  0x262af400 JavaThread "JmDNS(EASAWIFI-FRC01-msd-k12-or-us.local.).Timer" daemon [_thread_blocked, id=5000, stack(0x26aa0000,0x26af0000)]
  0x262aec00 JavaThread "SocketListener(EASAWIFI-FRC01-msd-k12-or-us.local.)" daemon [_thread_in_native, id=7520, stack(0x26cd0000,0x26d20000)]
  0x26138000 JavaThread "cc.arduino.packages.discoverers.network.BoardReachabilityFilter" [_thread_blocked, id=9760, stack(0x265e0000,0x26630000)]
  0x260f5c00 JavaThread "cc.arduino.packages.discoverers.network.NetworkChecker" [_thread_blocked, id=2516, stack(0x26700000,0x26750000)]
=>0x26111c00 JavaThread "cc.arduino.packages.discoverers.serial.SerialBoardsLister" [_thread_in_native, id=6580, stack(0x264d0000,0x26520000)]
  0x260f2000 JavaThread "AWT-Windows" daemon [_thread_in_native, id=9360, stack(0x26630000,0x26680000)]
  0x260eb400 JavaThread "Java2D Disposer" daemon [_thread_blocked, id=9788, stack(0x25ed0000,0x25f20000)]
  0x25654000 JavaThread "Service Thread" daemon [_thread_blocked, id=9612, stack(0x25c70000,0x25cc0000)]
  0x2565c800 JavaThread "C1 CompilerThread0" daemon [_thread_blocked, id=9732, stack(0x25cd0000,0x25d20000)]
  0x2565b800 JavaThread "Attach Listener" daemon [_thread_blocked, id=7904, stack(0x25ad0000,0x25b20000)]
  0x25658800 JavaThread "Signal Dispatcher" daemon [_thread_blocked, id=3204, stack(0x02990000,0x029e0000)]
  0x25637c00 JavaThread "Finalizer" daemon [_thread_blocked, id=9764, stack(0x25a70000,0x25ac0000)]
  0x25611800 JavaThread "Reference Handler" daemon [_thread_blocked, id=5960, stack(0x25970000,0x259c0000)]

Other Threads:
  0x0254f400 VMThread [stack: 0x25820000,0x25870000] [id=264]
  0x2567d000 WatcherThread [stack: 0x25f40000,0x25f90000] [id=9704]

VM state:not at safepoint (normal execution)

VM Mutex/Monitor currently owned by a thread: None

Heap:
 def new generation   total 39424K, used 20496K [0x04e00000, 0x078c0000, 0x0f8a0000)
  eden space 35072K,  48% used [0x04e00000, 0x05e8fd00, 0x07040000)
  from space 4352K,  81% used [0x07040000, 0x073b43d8, 0x07480000)
  to   space 4352K,   0% used [0x07480000, 0x07480000, 0x078c0000)
 tenured generation   total 87424K, used 41057K [0x0f8a0000, 0x14e00000, 0x24e00000)
   the space 87424K,  46% used [0x0f8a0000, 0x120b8450, 0x120b8600, 0x14e00000)
 Metaspace       used 19897K, capacity 20407K, committed 20480K, reserved 20864K

Card table byte_map: [0x24e00000,0x24f10000] byte_map_base: 0x24dd9000

Polling page: 0x002e0000

CodeCache: size=32768Kb used=3865Kb max_used=3869Kb free=28902Kb
 bounds [0x02cf0000, 0x030b8000, 0x04cf0000]
 total_blobs=2445 nmethods=2167 adapters=207
 compilation: enabled

Compilation events (10 events):
Event: 195.365 Thread 0x2565c800 2212             java.util.concurrent.locks.ReentrantLock$NonfairSync::tryAcquire (6 bytes)
Event: 195.365 Thread 0x2565c800 nmethod 2212 0x030b7288 code [0x030b7380, 0x030b740c]
Event: 219.557 Thread 0x2565c800 2213             javax.jmdns.impl.ServiceInfoImpl::writeUTF (137 bytes)
Event: 219.558 Thread 0x2565c800 nmethod 2213 0x030b7488 code [0x030b75f0, 0x030b7864]
Event: 219.561 Thread 0x2565c800 2214             java.lang.Enum::equals (11 bytes)
Event: 219.561 Thread 0x2565c800 nmethod 2214 0x030b7b48 code [0x030b7c40, 0x030b7cd0]
Event: 219.563 Thread 0x2565c800 2215             javax.jmdns.impl.DNSEntry::getRecordType (18 bytes)
Event: 219.563 Thread 0x2565c800 nmethod 2215 0x030b7d08 code [0x030b7e00, 0x030b7e90]
Event: 219.564 Thread 0x2565c800 2216             javax.jmdns.impl.DNSEntry::getKey (17 bytes)
Event: 219.565 Thread 0x2565c800 nmethod 2216 0x030a1b88 code [0x030a1c80, 0x030a1d10]

GC Heap History (10 events):
Event: 3.133 GC heap before
{Heap before GC invocations=2 (full 0):
 def new generation   total 39296K, used 37440K [0x04e00000, 0x078a0000, 0x0f8a0000)
  eden space 34944K,  94% used [0x04e00000, 0x06e501a8, 0x07020000)
  from space 4352K, 100% used [0x07020000, 0x07460000, 0x07460000)
  to   space 4352K,   0% used [0x07460000, 0x07460000, 0x078a0000)
 tenured generation   total 87424K, used 9378K [0x0f8a0000, 0x14e00000, 0x24e00000)
   the space 87424K,  10% used [0x0f8a0000, 0x101c8978, 0x101c8a00, 0x14e00000)
 Metaspace       used 11877K, capacity 12248K, committed 12288K, reserved 12672K
Event: 3.190 GC heap after
Heap after GC invocations=3 (full 1):
 def new generation   total 39424K, used 0K [0x04e00000, 0x078c0000, 0x0f8a0000)
  eden space 35072K,   0% used [0x04e00000, 0x04e00000, 0x07040000)
  from space 4352K,   0% used [0x07040000, 0x07040000, 0x07480000)
  to   space 4352K,   0% used [0x07480000, 0x07480000, 0x078c0000)
 tenured generation   total 87424K, used 24084K [0x0f8a0000, 0x14e00000, 0x24e00000)
   the space 87424K,  27% used [0x0f8a0000, 0x110252c8, 0x11025400, 0x14e00000)
 Metaspace       used 11877K, capacity 12248K, committed 12288K, reserved 12672K
}
Event: 4.874 GC heap before
{Heap before GC invocations=3 (full 1):
 def new generation   total 39424K, used 35072K [0x04e00000, 0x078c0000, 0x0f8a0000)
  eden space 35072K, 100% used [0x04e00000, 0x07040000, 0x07040000)
  from space 4352K,   0% used [0x07040000, 0x07040000, 0x07480000)
  to   space 4352K,   0% used [0x07480000, 0x07480000, 0x078c0000)
 tenured generation   total 87424K, used 24084K [0x0f8a0000, 0x14e00000, 0x24e00000)
   the space 87424K,  27% used [0x0f8a0000, 0x110252c8, 0x11025400, 0x14e00000)
 Metaspace       used 15135K, capacity 15580K, committed 15616K, reserved 15744K
Event: 4.885 GC heap after
Heap after GC invocations=4 (full 1):
 def new generation   total 39424K, used 4352K [0x04e00000, 0x078c0000, 0x0f8a0000)
  eden space 35072K,   0% used [0x04e00000, 0x04e00000, 0x07040000)
  from space 4352K, 100% used [0x07480000, 0x078c0000, 0x078c0000)
  to   space 4352K,   0% used [0x07040000, 0x07040000, 0x07480000)
 tenured generation   total 87424K, used 25058K [0x0f8a0000, 0x14e00000, 0x24e00000)
   the space 87424K,  28% used [0x0f8a0000, 0x11118af0, 0x11118c00, 0x14e00000)
 Metaspace       used 15135K, capacity 15580K, committed 15616K, reserved 15744K
}
Event: 66.590 GC heap before
{Heap before GC invocations=4 (full 1):
 def new generation   total 39424K, used 39419K [0x04e00000, 0x078c0000, 0x0f8a0000)
  eden space 35072K,  99% used [0x04e00000, 0x0703ec28, 0x07040000)
  from space 4352K, 100% used [0x07480000, 0x078c0000, 0x078c0000)
  to   space 4352K,   0% used [0x07040000, 0x07040000, 0x07480000)
 tenured generation   total 87424K, used 25058K [0x0f8a0000, 0x14e00000, 0x24e00000)
   the space 87424K,  28% used [0x0f8a0000, 0x11118af0, 0x11118c00, 0x14e00000)
 Metaspace       used 18463K, capacity 18937K, committed 18944K, reserved 19840K
Event: 66.612 GC heap after
Heap after GC invocations=5 (full 1):
 def new generation   total 39424K, used 4352K [0x04e00000, 0x078c0000, 0x0f8a0000)
  eden space 35072K,   0% used [0x04e00000, 0x04e00000, 0x07040000)
  from space 4352K, 100% used [0x07040000, 0x07480000, 0x07480000)
  to   space 4352K,   0% used [0x07480000, 0x07480000, 0x078c0000)
 tenured generation   total 87424K, used 36748K [0x0f8a0000, 0x14e00000, 0x24e00000)
   the space 87424K,  42% used [0x0f8a0000, 0x11c83040, 0x11c83200, 0x14e00000)
 Metaspace       used 18463K, capacity 18937K, committed 18944K, reserved 19840K
}
Event: 68.753 GC heap before
{Heap before GC invocations=5 (full 1):
 def new generation   total 39424K, used 39424K [0x04e00000, 0x078c0000, 0x0f8a0000)
  eden space 35072K, 100% used [0x04e00000, 0x07040000, 0x07040000)
  from space 4352K, 100% used [0x07040000, 0x07480000, 0x07480000)
  to   space 4352K,   0% used [0x07480000, 0x07480000, 0x078c0000)
 tenured generation   total 87424K, used 36748K [0x0f8a0000, 0x14e00000, 0x24e00000)
   the space 87424K,  42% used [0x0f8a0000, 0x11c83040, 0x11c83200, 0x14e00000)
 Metaspace       used 19468K, capacity 19959K, committed 19968K, reserved 20864K
Event: 68.764 GC heap after
Heap after GC invocations=6 (full 1):
 def new generation   total 39424K, used 2141K [0x04e00000, 0x078c0000, 0x0f8a0000)
  eden space 35072K,   0% used [0x04e00000, 0x04e00000, 0x07040000)
  from space 4352K,  49% used [0x07480000, 0x07697590, 0x078c0000)
  to   space 4352K,   0% used [0x07040000, 0x07040000, 0x07480000)
 tenured generation   total 87424K, used 41057K [0x0f8a0000, 0x14e00000, 0x24e00000)
   the space 87424K,  46% used [0x0f8a0000, 0x120b8450, 0x120b8600, 0x14e00000)
 Metaspace       used 19468K, capacity 19959K, committed 19968K, reserved 20864K
}
Event: 141.107 GC heap before
{Heap before GC invocations=6 (full 1):
 def new generation   total 39424K, used 37213K [0x04e00000, 0x078c0000, 0x0f8a0000)
  eden space 35072K, 100% used [0x04e00000, 0x07040000, 0x07040000)
  from space 4352K,  49% used [0x07480000, 0x07697590, 0x078c0000)
  to   space 4352K,   0% used [0x07040000, 0x07040000, 0x07480000)
 tenured generation   total 87424K, used 41057K [0x0f8a0000, 0x14e00000, 0x24e00000)
   the space 87424K,  46% used [0x0f8a0000, 0x120b8450, 0x120b8600, 0x14e00000)
 Metaspace       used 19860K, capacity 20375K, committed 20480K, reserved 20864K
Event: 141.116 GC heap after
Heap after GC invocations=7 (full 1):
 def new generation   total 39424K, used 3536K [0x04e00000, 0x078c0000, 0x0f8a0000)
  eden space 35072K,   0% used [0x04e00000, 0x04e00000, 0x07040000)
  from space 4352K,  81% used [0x07040000, 0x073b43d8, 0x07480000)
  to   space 4352K,   0% used [0x07480000, 0x07480000, 0x078c0000)
 tenured generation   total 87424K, used 41057K [0x0f8a0000, 0x14e00000, 0x24e00000)
   the space 87424K,  46% used [0x0f8a0000, 0x120b8450, 0x120b8600, 0x14e00000)
 Metaspace       used 19860K, capacity 20375K, committed 20480K, reserved 20864K
}

Deoptimization events (0 events):
No events

Internal exceptions (10 events):
Event: 173.131 Thread 0x262bbc00 Exception <a 'sun/nio/fs/WindowsException'> (0x05c1fe90) thrown at [C:\workspace\8-2-build-windows-i586-cygwin\jdk8u92\6642\hotspot\src\share\vm\prims\jni.cpp, line 709]
Event: 173.131 Thread 0x262bbc00 Exception <a 'sun/nio/fs/WindowsException'> (0x05c20460) thrown at [C:\workspace\8-2-build-windows-i586-cygwin\jdk8u92\6642\hotspot\src\share\vm\prims\jni.cpp, line 709]
Event: 173.134 Thread 0x262bbc00 Exception <a 'sun/nio/fs/WindowsException'> (0x05c3d1b8) thrown at [C:\workspace\8-2-build-windows-i586-cygwin\jdk8u92\6642\hotspot\src\share\vm\prims\jni.cpp, line 709]
Event: 173.134 Thread 0x262bbc00 Exception <a 'sun/nio/fs/WindowsException'> (0x05c3d7b0) thrown at [C:\workspace\8-2-build-windows-i586-cygwin\jdk8u92\6642\hotspot\src\share\vm\prims\jni.cpp, line 709]
Event: 173.137 Thread 0x262bbc00 Exception <a 'sun/nio/fs/WindowsException'> (0x05c54b58) thrown at [C:\workspace\8-2-build-windows-i586-cygwin\jdk8u92\6642\hotspot\src\share\vm\prims\jni.cpp, line 709]
Event: 173.137 Thread 0x262bbc00 Exception <a 'sun/nio/fs/WindowsException'> (0x05c55188) thrown at [C:\workspace\8-2-build-windows-i586-cygwin\jdk8u92\6642\hotspot\src\share\vm\prims\jni.cpp, line 709]
Event: 173.140 Thread 0x262bbc00 Exception <a 'sun/nio/fs/WindowsException'> (0x05c675a8) thrown at [C:\workspace\8-2-build-windows-i586-cygwin\jdk8u92\6642\hotspot\src\share\vm\prims\jni.cpp, line 709]
Event: 173.140 Thread 0x262bbc00 Exception <a 'sun/nio/fs/WindowsException'> (0x05c67ba0) thrown at [C:\workspace\8-2-build-windows-i586-cygwin\jdk8u92\6642\hotspot\src\share\vm\prims\jni.cpp, line 709]
Event: 173.142 Thread 0x262bbc00 Exception <a 'sun/nio/fs/WindowsException'> (0x05c82380) thrown at [C:\workspace\8-2-build-windows-i586-cygwin\jdk8u92\6642\hotspot\src\share\vm\prims\jni.cpp, line 709]
Event: 173.142 Thread 0x262bbc00 Exception <a 'sun/nio/fs/WindowsException'> (0x05c82988) thrown at [C:\workspace\8-2-build-windows-i586-cygwin\jdk8u92\6642\hotspot\src\share\vm\prims\jni.cpp, line 709]

Events (10 events):
Event: 172.824 Thread 0x262bc400 Thread exited: 0x262bc400
Event: 172.824 Thread 0x262bc800 Thread exited: 0x262bc800
Event: 172.829 Thread 0x262bb800 DEOPT PACKING pc=0x030a13ec sp=0x28ace400
Event: 172.829 Thread 0x262bb800 DEOPT UNPACKING pc=0x02d2c5db sp=0x28ace2bc mode 3
Event: 173.152 Thread 0x262bbc00 Thread exited: 0x262bbc00
Event: 219.551 loading class javax/jmdns/impl/JmDNSImpl$ServiceTypeEntry
Event: 219.551 loading class javax/jmdns/impl/JmDNSImpl$ServiceTypeEntry done
Event: 219.552 loading class javax/jmdns/impl/ListenerStatus$ServiceTypeListenerStatus
Event: 219.552 loading class javax/jmdns/impl/ListenerStatus$ServiceTypeListenerStatus done
Event: 219.564 Thread 0x2565c800 flushing nmethod 0x030a0c48


Dynamic libraries:
0x00070000 - 0x000a3000 	C:\Program Files (x86)\Arduino\java\bin\javaw.exe
0x77b50000 - 0x77cd0000 	C:\Windows\SysWOW64\ntdll.dll
0x76850000 - 0x76960000 	C:\Windows\syswow64\kernel32.dll
0x766e0000 - 0x76727000 	C:\Windows\syswow64\KERNELBASE.dll
0x755f0000 - 0x75691000 	C:\Windows\syswow64\ADVAPI32.dll
0x76750000 - 0x767fc000 	C:\Windows\syswow64\msvcrt.dll
0x76af0000 - 0x76b09000 	C:\Windows\SysWOW64\sechost.dll
0x765b0000 - 0x766a0000 	C:\Windows\syswow64\RPCRT4.dll
0x75270000 - 0x752d0000 	C:\Windows\syswow64\SspiCli.dll
0x75260000 - 0x7526c000 	C:\Windows\syswow64\CRYPTBASE.dll
0x752d0000 - 0x753d0000 	C:\Windows\syswow64\USER32.dll
0x76520000 - 0x765b0000 	C:\Windows\syswow64\GDI32.dll
0x76740000 - 0x7674a000 	C:\Windows\syswow64\LPK.dll
0x75700000 - 0x7579d000 	C:\Windows\syswow64\USP10.dll
0x68d30000 - 0x68ece000 	C:\Windows\WinSxS\x86_microsoft.windows.common-controls_6595b64144ccf1df_6.0.7601.24380_none_2b2053e245779417\COMCTL32.dll
0x75d30000 - 0x75d87000 	C:\Windows\syswow64\SHLWAPI.dll
0x75830000 - 0x75890000 	C:\Windows\system32\IMM32.DLL
0x75890000 - 0x7595d000 	C:\Windows\syswow64\MSCTF.dll
0x732c0000 - 0x73351000 	C:\Windows\SysWOW64\tmumh\20019\AddOn\7.0.0.1162\TmUmEvt.dll
0x76380000 - 0x76385000 	C:\Windows\syswow64\PSAPI.DLL
0x731c0000 - 0x732b2000 	C:\Windows\SysWOW64\tmumh\20019\TmMon\2.5.0.2084\tmmon.dll
0x68ae0000 - 0x68b9f000 	C:\Program Files (x86)\Arduino\java\bin\msvcr100.dll
0x68710000 - 0x68adb000 	C:\Program Files (x86)\Arduino\java\bin\client\jvm.dll
0x73000000 - 0x73007000 	C:\Windows\system32\WSOCK32.dll
0x756c0000 - 0x756f5000 	C:\Windows\syswow64\WS2_32.dll
0x764c0000 - 0x764c6000 	C:\Windows\syswow64\NSI.dll
0x73b10000 - 0x73b42000 	C:\Windows\system32\WINMM.dll
0x74650000 - 0x74659000 	C:\Windows\system32\VERSION.dll
0x686d0000 - 0x68701000 	C:\Program Files (x86)\Arduino\java\bin\splashscreen.dll
0x6bf20000 - 0x6bfa0000 	C:\Windows\system32\uxtheme.dll
0x686c0000 - 0x686cc000 	C:\Program Files (x86)\Arduino\java\bin\verify.dll
0x68690000 - 0x686b1000 	C:\Program Files (x86)\Arduino\java\bin\java.dll
0x697a0000 - 0x697f8000 	C:\Program Files (x86)\Common Files\microsoft shared\ink\tiptsf.dll
0x76220000 - 0x7637f000 	C:\Windows\syswow64\ole32.dll
0x769f0000 - 0x76a82000 	C:\Windows\syswow64\OLEAUT32.dll
0x68670000 - 0x68683000 	C:\Program Files (x86)\Arduino\java\bin\zip.dll
0x76960000 - 0x769e3000 	C:\Windows\syswow64\CLBCatQ.DLL
0x6c140000 - 0x6c17c000 	C:\Windows\system32\oleacc.dll
0x76b20000 - 0x7776c000 	C:\Windows\syswow64\SHELL32.dll
0x76730000 - 0x7673b000 	C:\Windows\syswow64\profapi.dll
0x68520000 - 0x68665000 	C:\Program Files (x86)\Arduino\java\bin\awt.dll
0x6bf00000 - 0x6bf13000 	C:\Windows\system32\dwmapi.dll
0x68500000 - 0x68516000 	C:\Program Files (x86)\Arduino\java\bin\net.dll
0x73010000 - 0x7304c000 	C:\Windows\system32\mswsock.dll
0x72db0000 - 0x72db6000 	C:\Windows\System32\wship6.dll
0x73090000 - 0x730ac000 	C:\Windows\system32\IPHLPAPI.DLL
0x73080000 - 0x73087000 	C:\Windows\system32\WINNSI.DLL
0x61740000 - 0x6176c000 	C:\Program Files (x86)\Arduino\lib\listSerialsj.dll
0x753d0000 - 0x7556d000 	C:\Windows\syswow64\SETUPAPI.dll
0x764f0000 - 0x76517000 	C:\Windows\syswow64\CFGMGR32.dll
0x75bc0000 - 0x75bd2000 	C:\Windows\syswow64\DEVOBJ.dll
0x73060000 - 0x73072000 	C:\Windows\system32\dhcpcsvc.DLL
0x73050000 - 0x7305d000 	C:\Windows\system32\dhcpcsvc6.DLL
0x705f0000 - 0x70607000 	C:\Windows\system32\CRYPTSP.dll
0x70410000 - 0x7044b000 	C:\Windows\system32\rsaenh.dll
0x75ba0000 - 0x75bb7000 	C:\Windows\syswow64\USERENV.dll
0x684f0000 - 0x684ff000 	C:\Program Files (x86)\Arduino\java\bin\nio.dll
0x72fa0000 - 0x72fe4000 	C:\Windows\system32\DNSAPI.dll
0x72e90000 - 0x72eb7000 	C:\Program Files (x86)\Common Files\Microsoft Shared\Windows Live\WLIDNSP.DLL
0x63560000 - 0x63568000 	C:\Program Files (x86)\National Instruments\Shared\mDNS Responder\nimdnsNSP.dll
0x63550000 - 0x6355b000 	C:\Windows\system32\nimdnsResponder.dll
0x730e0000 - 0x73183000 	C:\Windows\WinSxS\x86_microsoft.vc90.crt_1fc8b3b9a1e18e3b_9.0.30729.6161_none_50934f2ebcb7eb57\MSVCR90.dll
0x72dc0000 - 0x72dc5000 	C:\Windows\System32\wshtcpip.dll
0x72ed0000 - 0x72ed6000 	C:\Windows\system32\rasadhlp.dll
0x72d70000 - 0x72da8000 	C:\Windows\System32\fwpuclnt.dll
0x25480000 - 0x254bd000 	C:\Users\Ethan.Hampton.MSD.002\AppData\Local\Temp\jna-739086607\jna6555093322561874746.dll
0x684b0000 - 0x684e9000 	C:\Program Files (x86)\Arduino\java\bin\fontmanager.dll
0x68470000 - 0x684a2000 	C:\Program Files (x86)\Arduino\java\bin\t2k.dll
0x75d90000 - 0x75dbf000 	C:\Windows\syswow64\WINTRUST.dll
0x76390000 - 0x764b2000 	C:\Windows\syswow64\CRYPT32.dll
0x76210000 - 0x7621c000 	C:\Windows\syswow64\MSASN1.dll
0x68400000 - 0x68469000 	C:\Program Files (x86)\Arduino\msvcp100.dll
0x68340000 - 0x683fe000 	C:\Program Files (x86)\Arduino\msvcr100.dll
0x259c0000 - 0x259f2000 	C:\Program Files (x86)\Arduino\lib\AStylej.dll
0x68310000 - 0x68334000 	C:\Program Files (x86)\Arduino\java\bin\dcpr.dll
0x681d0000 - 0x68301000 	C:\Windows\system32\WindowsCodecs.dll
0x6c380000 - 0x6c3cc000 	C:\Windows\system32\apphelp.dll
0x68150000 - 0x68181000 	C:\Windows\system32\EhStorShell.dll
0x6cd70000 - 0x6ce65000 	C:\Windows\system32\PROPSYS.dll
0x61830000 - 0x618a0000 	C:\Windows\system32\ntshrui.dll
0x73850000 - 0x73869000 	C:\Windows\system32\srvcli.dll
0x6a000000 - 0x6a00b000 	C:\Windows\system32\cscapi.dll
0x681c0000 - 0x681ca000 	C:\Windows\system32\slc.dll
0x681b0000 - 0x681b6000 	C:\Windows\system32\IconCodecService.dll
0x73b50000 - 0x73bd4000 	C:\Windows\WinSxS\x86_microsoft.windows.common-controls_6595b64144ccf1df_5.82.7601.18837_none_ec86b8d6858ec0bc\comctl32.dll
0x68190000 - 0x681b0000 	C:\Program Files (x86)\Arduino\java\bin\sunec.dll
0x68140000 - 0x68149000 	C:\Program Files (x86)\Arduino\java\bin\sunmscapi.dll
0x72ff0000 - 0x73000000 	C:\Windows\system32\NLAapi.dll
0x72f90000 - 0x72fa0000 	C:\Windows\system32\napinsp.dll
0x72f70000 - 0x72f82000 	C:\Windows\system32\pnrpnsp.dll
0x72ec0000 - 0x72ec8000 	C:\Windows\System32\winrnr.dll
0x72e80000 - 0x72e8d000 	C:\Windows\system32\wshbth.dll
0x64000000 - 0x6401b000 	C:\Users\Ethan.Hampton.MSD.002\.jssc\windows\jSSC-2.8_x86.dll
0x6b4e0000 - 0x6b5cb000 	C:\Windows\system32\dbghelp.dll

VM Arguments:
jvm_args: -Dsun.java2d.d3d=false -Djna.nosys=true -DAPP_DIR=C:\Program Files (x86)\Arduino -Xms128M -Xmx512M 
java_command: processing.app.Base H:\Projects 4\Programs\Node_Rev1\Node_Rev1.ino
java_class_path (initial): C:\Program Files (x86)\Arduino\lib\apple.jar;C:\Program Files (x86)\Arduino\lib\arduino-core.jar;C:\Program Files (x86)\Arduino\lib\batik-1.8.jar;C:\Program Files (x86)\Arduino\lib\batik-anim-1.8.jar;C:\Program Files (x86)\Arduino\lib\batik-awt-util-1.8.jar;C:\Program Files (x86)\Arduino\lib\batik-bridge-1.8.jar;C:\Program Files (x86)\Arduino\lib\batik-codec-1.8.jar;C:\Program Files (x86)\Arduino\lib\batik-css-1.8.jar;C:\Program Files (x86)\Arduino\lib\batik-dom-1.8.jar;C:\Program Files (x86)\Arduino\lib\batik-ext-1.8.jar;C:\Program Files (x86)\Arduino\lib\batik-gvt-1.8.jar;C:\Program Files (x86)\Arduino\lib\batik-parser-1.8.jar;C:\Program Files (x86)\Arduino\lib\batik-rasterizer-1.8.jar;C:\Program Files (x86)\Arduino\lib\batik-script-1.8.jar;C:\Program Files (x86)\Arduino\lib\batik-squiggle-1.8.jar;C:\Program Files (x86)\Arduino\lib\batik-svg-dom-1.8.jar;C:\Program Files (x86)\Arduino\lib\batik-svgpp-1.8.jar;C:\Program Files (x86)\Arduino\lib\batik-transcoder-1.8.jar;C:\Program Files (x86)\Arduino\lib\batik-util-1.8.jar;C:\Program Files (x86)\Arduino\lib\batik-xml-1.8.jar;C:\Program Files (x86)\Arduino\lib\bcpg-jdk15on-152.jar;C:\Program Files (x86)\Arduino\lib\bcprov-jdk15on-152.jar;C:\Program Files (x86)\Arduino\lib\commons-codec-1.7.jar;C:\Program Files (x86)\Arduino\lib\commons-compress-1.8.jar;C:\Program Files (x86)\Arduino\lib\commons-exec-1.1.jar;C:\Program Files (x86)\Arduino\lib\commons-httpclient-3.1.jar;C:\Program Files (x86)\Arduino\lib\commons-lang3-3.3.2.jar;C:\Program Files (x86)\Arduino\lib\commons-logging-1.0.4.jar;C:\Program Files (x86)\Arduino\lib\commons-net-3.3.jar;C:\Program Files (x86)\Arduino\lib\jackson-annotations-2.6.3.jar;C:\Program Files (x86)\Arduino\lib\jackson-core-2.6.3.jar;C:\Program Files (x86)\Arduino\lib\jackson-databind-2.6.3.jar;C:\Program Files (x86)\Arduino\lib\jackson-module-mrbean-2.6.3.jar;C:\Program Files (x86)\Arduino\lib\java-semver-0.8.0.jar;C:\Program Files (x86)\Arduino\lib\jmdns-3.4.1.j
Launcher Type: SUN_STANDARD

Environment Variables:
PATH=C:\Program Files\Common Files\Microsoft Shared\Windows Live;C:\Program Files (x86)\Common Files\Microsoft Shared\Windows Live;C:\Windows\system32;C:\Windows;C:\Windows\System32\Wbem;C:\Windows\System32\WindowsPowerShell\v1.0\;C:\Program Files (x86)\Windows Live\Shared;C:\Program Files (x86)\IVI Foundation\VISA\WinNT\Bin;C:\Windows\System32\WindowsPowerShell\v1.0\;C:\Windows\System32\WindowsPowerShell\v1.0\;C:\Windows\System32\WindowsPowerShell\v1.0\;C:\Program Files (x86)\Google\Chrome\Application;C:\Program Files\Common Files\Microsoft Shared\Windows Live;C:\Program Files (x86)\Common Files\Microsoft Shared\Windows Live;C:\Windows\system32;C:\Windows;C:\Windows\System32\Wbem;C:\Windows\System32\WindowsPowerShell\v1.0\;C:\Program Files (x86)\Windows Live\Shared;C:\Program Files (x86)\IVI Foundation\VISA\WinNT\Bin;C:\Windows\System32\WindowsPowerShell\v1.0\;C:\Windows\System32\WindowsPowerShell\v1.0\;C:\Users\Ethan.Hampton.MSD.002\AppData\Local\Programs\Git\cmd;C:\Program Files (x86)\Arduino\java\bin
USERNAME=ethan.hampton
OS=Windows_NT
PROCESSOR_IDENTIFIER=Intel64 Family 6 Model 69 Stepping 1, GenuineIntel



---------------  S Y S T E M  ---------------

OS: Windows 7 , 64 bit Build 7601 (6.1.7601.24387)

CPU:total 4 (2 cores per cpu, 2 threads per core) family 6 model 69 stepping 1, cmov, cx8, fxsr, mmx, sse, sse2, sse3, ssse3, sse4.1, sse4.2, popcnt, avx, avx2, aes, clmul, erms, rtm, lzcnt, ht, tsc, tscinvbit, bmi1, bmi2

Memory: 4k page, physical 8276392k(4999248k free), swap 16550884k(13274556k free)

vm_info: Java HotSpot(TM) Client VM (25.92-b14) for windows-x86 JRE (1.8.0_92-b14), built on Mar 31 2016 21:09:21 by "java_re" with MS VC++ 10.0 (VS2010)

time: Mon May 06 09:05:05 2019
elapsed time: 231 seconds (0d 0h 3m 51s)

